Connection established to port 4322
Message sent to port 4322: LIST
List operation started
Timeout expired while reading from port 4322
List operation failed
Message sent to port 4322: LIST
List operation started
Timeout expired while reading from port 4322
List operation failed
Message sent to port 4322: LIST
List operation started
Timeout expired while reading from port 4322
List operation failed
Connection established to port 4322
Connection established to port 4322
Connection established to port 4322
Connection established to port 4322
Connection established to port 4322
Connection established to port 4322
Connection established to port 4322
Message sent to port 4322: LIST
Connection established to port 4322
Connection established to port 4322
Message sent to port 4322: LIST
Message sent to port 4322: LIST
List operation started
Message sent to port 4322: LIST
Connection established to port 4322
Message sent to port 4322: LIST
List operation started
Message sent to port 4322: LIST
Message sent to port 4322: LIST
List operation started
List operation started
List operation started
Message sent to port 4322: LIST
List operation started
List operation started
Message sent to port 4322: LIST
Message sent to port 4322: LIST
List operation started
List operation started
List operation started
Timeout expired while reading from port 4322
Timeout expired while reading from port 4322
Timeout expired while reading from port 4322
Timeout expired while reading from port 4322
Timeout expired while reading from port 4322
Timeout expired while reading from port 4322
Timeout expired while reading from port 4322
Timeout expired while reading from port 4322
List operation failed
List operation failed
List operation failed
List operation failed
List operation failed
List operation failed
List operation failed
Timeout expired while reading from port 4322
Timeout expired while reading from port 4322
List operation failed
List operation failed
List operation failed
